<?xml version="1.0" encoding="UTF-8"?>
<testng-results ignored="0" total="1" passed="1" failed="0" skipped="0">
  <reporter-output>
    <line>
      <![CDATA[createAndDeleteCustomer has got passed]]>
    </line>
  </reporter-output>
  <suite started-at="2023-12-10T12:49:24 IST" name="Default suite" finished-at="2023-12-10T12:49:57 IST" duration-ms="33521">
    <groups>
    </groups>
    <test started-at="2023-12-10T12:49:24 IST" name="Default test" finished-at="2023-12-10T12:49:57 IST" duration-ms="33521">
      <class name="com.actitime.testscript.CustomerModule">
        <test-method is-config="true" signature="openBrowser()[pri:0, instance:com.actitime.testscript.CustomerModule@2f4948e4]" started-at="2023-12-10T12:49:24 IST" name="openBrowser" finished-at="2023-12-10T12:49:25 IST" duration-ms="1753" status="PASS">
          <reporter-output>
          </reporter-output>
        </test-method> <!-- openBrowser -->
        <test-method is-config="true" signature="login()[pri:0, instance:com.actitime.testscript.CustomerModule@2f4948e4]" started-at="2023-12-10T12:49:25 IST" name="login" finished-at="2023-12-10T12:49:26 IST" duration-ms="155" status="PASS">
          <reporter-output>
          </reporter-output>
        </test-method> <!-- login -->
        <test-method signature="createAndDeleteCustomer()[pri:0, instance:com.actitime.testscript.CustomerModule@2f4948e4]" started-at="2023-12-10T12:49:26 IST" name="createAndDeleteCustomer" finished-at="2023-12-10T12:49:57 IST" duration-ms="31419" status="PASS">
          <reporter-output>
            <line>
              <![CDATA[createAndDeleteCustomer has got passed]]>
            </line>
          </reporter-output>
        </test-method> <!-- createAndDeleteCustomer -->
        <test-method is-config="true" signature="logout()[pri:0, instance:com.actitime.testscript.CustomerModule@2f4948e4]" started-at="2023-12-10T12:49:57 IST" name="logout" finished-at="2023-12-10T12:49:57 IST" duration-ms="146" status="PASS">
          <reporter-output>
          </reporter-output>
        </test-method> <!-- logout -->
        <test-method is-config="true" signature="closeBrowser()[pri:0, instance:com.actitime.testscript.CustomerModule@2f4948e4]" started-at="2023-12-10T12:49:57 IST" name="closeBrowser" finished-at="2023-12-10T12:49:57 IST" duration-ms="0" status="PASS">
          <reporter-output>
          </reporter-output>
        </test-method> <!-- closeBrowser -->
      </class> <!-- com.actitime.testscript.CustomerModule -->
    </test> <!-- Default test -->
  </suite> <!-- Default suite -->
</testng-results>
